The system is: Linux - 5.19.0-32-generic - x86_64
Compiling the C compiler identification source file "CMakeCCompilerId.c" succeeded.
Compiler: /opt/spack/opt/spack/linux-ubuntu22.04-zen3/gcc-11.3.0/llvm-14.0.6-7cied4alpgpvl43vieophlrbpnyqe4yn/bin/clang 
Build flags: 
Id flags:  

The output was:
0


Compilation of the C compiler identification source "CMakeCCompilerId.c" produced "a.out"

The C compiler identification is Clang, found in "/home/jan/Projects/BrainFold/Code/BFSimulator/build/CMakeFiles/3.25.0/CompilerIdC/a.out"

Compiling the CXX compiler identification source file "CMakeCXXCompilerId.cpp" succeeded.
Compiler: /opt/spack/opt/spack/linux-ubuntu22.04-zen3/gcc-11.3.0/openmpi-4.1.4-6ynuolx2oxm6rnfhxeobduospoh5z2v4/bin/mpic++ 
Build flags: 
Id flags:  

The output was:
0


Compilation of the CXX compiler identification source "CMakeCXXCompilerId.cpp" produced "a.out"

The CXX compiler identification is GNU, found in "/home/jan/Projects/BrainFold/Code/BFSimulator/build/CMakeFiles/3.25.0/CompilerIdCXX/a.out"

Detecting C compiler ABI info compiled with the following output:
Change Dir: /home/jan/Projects/BrainFold/Code/BFSimulator/build/CMakeFiles/CMakeScratch/TryCompile-BHv7YI

Run Build Command(s):/usr/bin/gmake -f Makefile cmTC_fe77d/fast && /usr/bin/gmake  -f CMakeFiles/cmTC_fe77d.dir/build.make CMakeFiles/cmTC_fe77d.dir/build
gmake[1]: Entering directory '/home/jan/Projects/BrainFold/Code/BFSimulator/build/CMakeFiles/CMakeScratch/TryCompile-BHv7YI'
Building C object CMakeFiles/cmTC_fe77d.dir/CMakeCCompilerABI.c.o
/opt/spack/opt/spack/linux-ubuntu22.04-zen3/gcc-11.3.0/llvm-14.0.6-7cied4alpgpvl43vieophlrbpnyqe4yn/bin/clang   -v -MD -MT CMakeFiles/cmTC_fe77d.dir/CMakeCCompilerABI.c.o -MF CMakeFiles/cmTC_fe77d.dir/CMakeCCompilerABI.c.o.d -o CMakeFiles/cmTC_fe77d.dir/CMakeCCompilerABI.c.o -c /opt/spack/opt/spack/linux-ubuntu22.04-zen3/gcc-11.3.0/cmake-3.25.0-vu3pkkfw6chzuewk2735vf3jhmi5na6l/share/cmake-3.25/Modules/CMakeCCompilerABI.c
clang version 14.0.6
Target: x86_64-unknown-linux-gnu
Thread model: posix
InstalledDir: /opt/spack/opt/spack/linux-ubuntu22.04-zen3/gcc-11.3.0/llvm-14.0.6-7cied4alpgpvl43vieophlrbpnyqe4yn/bin
Found candidate GCC installation: /usr/lib/gcc/x86_64-linux-gnu/11
Selected GCC installation: /usr/lib/gcc/x86_64-linux-gnu/11
Candidate multilib: .;@m64
Selected multilib: .;@m64
 (in-process)
 "/opt/spack/opt/spack/linux-ubuntu22.04-zen3/gcc-11.3.0/llvm-14.0.6-7cied4alpgpvl43vieophlrbpnyqe4yn/bin/clang-14" -cc1 -triple x86_64-unknown-linux-gnu -emit-obj -mrelax-all --mrelax-relocations -disable-free -clear-ast-before-backend -disable-llvm-verifier -discard-value-names -main-file-name CMakeCCompilerABI.c -mrelocation-model static -mframe-pointer=all -fmath-errno -ffp-contract=on -fno-rounding-math -mconstructor-aliases -funwind-tables=2 -target-cpu x86-64 -tune-cpu generic -mllvm -treat-scalable-fixed-error-as-warning -debugger-tuning=gdb -v -fcoverage-compilation-dir=/home/jan/Projects/BrainFold/Code/BFSimulator/build/CMakeFiles/CMakeScratch/TryCompile-BHv7YI -resource-dir /opt/spack/opt/spack/linux-ubuntu22.04-zen3/gcc-11.3.0/llvm-14.0.6-7cied4alpgpvl43vieophlrbpnyqe4yn/lib/clang/14.0.6 -dependency-file CMakeFiles/cmTC_fe77d.dir/CMakeCCompilerABI.c.o.d -MT CMakeFiles/cmTC_fe77d.dir/CMakeCCompilerABI.c.o -sys-header-deps -I/opt/spack/opt/spack/linux-ubuntu22.04-zen3/gcc-11.3.0/python-3.10.8-lfc6riuu5m4k27azqdayhpjlt3y6f4b5/include/python3.10 -internal-isystem /opt/spack/opt/spack/linux-ubuntu22.04-zen3/gcc-11.3.0/llvm-14.0.6-7cied4alpgpvl43vieophlrbpnyqe4yn/lib/clang/14.0.6/include -internal-isystem /usr/local/include -internal-isystem /usr/lib/gcc/x86_64-linux-gnu/11/../../../../x86_64-linux-gnu/include -internal-externc-isystem /usr/include/x86_64-linux-gnu -internal-externc-isystem /include -internal-externc-isystem /usr/include -fdebug-compilation-dir=/home/jan/Projects/BrainFold/Code/BFSimulator/build/CMakeFiles/CMakeScratch/TryCompile-BHv7YI -ferror-limit 19 -fgnuc-version=4.2.1 -faddrsig -D__GCC_HAVE_DWARF2_CFI_ASM=1 -o CMakeFiles/cmTC_fe77d.dir/CMakeCCompilerABI.c.o -x c /opt/spack/opt/spack/linux-ubuntu22.04-zen3/gcc-11.3.0/cmake-3.25.0-vu3pkkfw6chzuewk2735vf3jhmi5na6l/share/cmake-3.25/Modules/CMakeCCompilerABI.c
clang -cc1 version 14.0.6 based upon LLVM 14.0.6 default target x86_64-unknown-linux-gnu
ignoring nonexistent directory "/usr/lib/gcc/x86_64-linux-gnu/11/../../../../x86_64-linux-gnu/include"
ignoring nonexistent directory "/include"
#include "..." search starts here:
#include <...> search starts here:
 /opt/spack/opt/spack/linux-ubuntu22.04-zen3/gcc-11.3.0/python-3.10.8-lfc6riuu5m4k27azqdayhpjlt3y6f4b5/include/python3.10
 /opt/spack/opt/spack/linux-ubuntu22.04-zen3/gcc-11.3.0/llvm-14.0.6-7cied4alpgpvl43vieophlrbpnyqe4yn/lib/clang/14.0.6/include
 /usr/local/include
 /usr/include/x86_64-linux-gnu
 /usr/include
End of search list.
Linking C executable cmTC_fe77d
/opt/spack/opt/spack/linux-ubuntu22.04-zen3/gcc-11.3.0/cmake-3.25.0-vu3pkkfw6chzuewk2735vf3jhmi5na6l/bin/cmake -E cmake_link_script CMakeFiles/cmTC_fe77d.dir/link.txt --verbose=1
/opt/spack/opt/spack/linux-ubuntu22.04-zen3/gcc-11.3.0/llvm-14.0.6-7cied4alpgpvl43vieophlrbpnyqe4yn/bin/clang  -v CMakeFiles/cmTC_fe77d.dir/CMakeCCompilerABI.c.o -o cmTC_fe77d 
clang version 14.0.6
Target: x86_64-unknown-linux-gnu
Thread model: posix
InstalledDir: /opt/spack/opt/spack/linux-ubuntu22.04-zen3/gcc-11.3.0/llvm-14.0.6-7cied4alpgpvl43vieophlrbpnyqe4yn/bin
Found candidate GCC installation: /usr/lib/gcc/x86_64-linux-gnu/11
Selected GCC installation: /usr/lib/gcc/x86_64-linux-gnu/11
Candidate multilib: .;@m64
Selected multilib: .;@m64
 "/opt/spack/opt/spack/linux-ubuntu22.04-zen3/gcc-11.3.0/binutils-2.38-hghweccqrox4wtdcn3y7sjd4dlokvzha/bin/ld" -z relro --hash-style=gnu --eh-frame-hdr -m elf_x86_64 -dynamic-linker /lib64/ld-linux-x86-64.so.2 -o cmTC_fe77d /lib/x86_64-linux-gnu/crt1.o /lib/x86_64-linux-gnu/crti.o /usr/lib/gcc/x86_64-linux-gnu/11/crtbegin.o -L/usr/lib/gcc/x86_64-linux-gnu/11 -L/usr/lib/gcc/x86_64-linux-gnu/11/../../../../lib64 -L/lib/x86_64-linux-gnu -L/lib/../lib64 -L/usr/lib/x86_64-linux-gnu -L/usr/lib/../lib64 -L/opt/spack/opt/spack/linux-ubuntu22.04-zen3/gcc-11.3.0/llvm-14.0.6-7cied4alpgpvl43vieophlrbpnyqe4yn/bin/../lib -L/lib -L/usr/lib CMakeFiles/cmTC_fe77d.dir/CMakeCCompilerABI.c.o -lgcc --as-needed -lgcc_s --no-as-needed -lc -lgcc --as-needed -lgcc_s --no-as-needed /usr/lib/gcc/x86_64-linux-gnu/11/crtend.o /lib/x86_64-linux-gnu/crtn.o
gmake[1]: Leaving directory '/home/jan/Projects/BrainFold/Code/BFSimulator/build/CMakeFiles/CMakeScratch/TryCompile-BHv7YI'



Parsed C implicit include dir info from above output: rv=done
  found start of include info
  found start of implicit include info
    add: [/opt/spack/opt/spack/linux-ubuntu22.04-zen3/gcc-11.3.0/python-3.10.8-lfc6riuu5m4k27azqdayhpjlt3y6f4b5/include/python3.10]
    add: [/opt/spack/opt/spack/linux-ubuntu22.04-zen3/gcc-11.3.0/llvm-14.0.6-7cied4alpgpvl43vieophlrbpnyqe4yn/lib/clang/14.0.6/include]
    add: [/usr/local/include]
    add: [/usr/include/x86_64-linux-gnu]
    add: [/usr/include]
  end of search list found
  collapse include dir [/opt/spack/opt/spack/linux-ubuntu22.04-zen3/gcc-11.3.0/python-3.10.8-lfc6riuu5m4k27azqdayhpjlt3y6f4b5/include/python3.10] ==> [/opt/spack/opt/spack/linux-ubuntu22.04-zen3/gcc-11.3.0/python-3.10.8-lfc6riuu5m4k27azqdayhpjlt3y6f4b5/include/python3.10]
  collapse include dir [/opt/spack/opt/spack/linux-ubuntu22.04-zen3/gcc-11.3.0/llvm-14.0.6-7cied4alpgpvl43vieophlrbpnyqe4yn/lib/clang/14.0.6/include] ==> [/opt/spack/opt/spack/linux-ubuntu22.04-zen3/gcc-11.3.0/llvm-14.0.6-7cied4alpgpvl43vieophlrbpnyqe4yn/lib/clang/14.0.6/include]
  collapse include dir [/usr/local/include] ==> [/usr/local/include]
  collapse include dir [/usr/include/x86_64-linux-gnu] ==> [/usr/include/x86_64-linux-gnu]
  collapse include dir [/usr/include] ==> [/usr/include]
  implicit include dirs: [/opt/spack/opt/spack/linux-ubuntu22.04-zen3/gcc-11.3.0/python-3.10.8-lfc6riuu5m4k27azqdayhpjlt3y6f4b5/include/python3.10;/opt/spack/opt/spack/linux-ubuntu22.04-zen3/gcc-11.3.0/llvm-14.0.6-7cied4alpgpvl43vieophlrbpnyqe4yn/lib/clang/14.0.6/include;/usr/local/include;/usr/include/x86_64-linux-gnu;/usr/include]


Parsed C implicit link information from above output:
  link line regex: [^( *|.*[/\])(ld\.lld|CMAKE_LINK_STARTFILE-NOTFOUND|([^/\]+-)?ld|collect2)[^/\]*( |$)]
  ignore line: [Change Dir: /home/jan/Projects/BrainFold/Code/BFSimulator/build/CMakeFiles/CMakeScratch/TryCompile-BHv7YI]
  ignore line: []
  ignore line: [Run Build Command(s):/usr/bin/gmake -f Makefile cmTC_fe77d/fast && /usr/bin/gmake  -f CMakeFiles/cmTC_fe77d.dir/build.make CMakeFiles/cmTC_fe77d.dir/build]
  ignore line: [gmake[1]: Entering directory '/home/jan/Projects/BrainFold/Code/BFSimulator/build/CMakeFiles/CMakeScratch/TryCompile-BHv7YI']
  ignore line: [Building C object CMakeFiles/cmTC_fe77d.dir/CMakeCCompilerABI.c.o]
  ignore line: [/opt/spack/opt/spack/linux-ubuntu22.04-zen3/gcc-11.3.0/llvm-14.0.6-7cied4alpgpvl43vieophlrbpnyqe4yn/bin/clang   -v -MD -MT CMakeFiles/cmTC_fe77d.dir/CMakeCCompilerABI.c.o -MF CMakeFiles/cmTC_fe77d.dir/CMakeCCompilerABI.c.o.d -o CMakeFiles/cmTC_fe77d.dir/CMakeCCompilerABI.c.o -c /opt/spack/opt/spack/linux-ubuntu22.04-zen3/gcc-11.3.0/cmake-3.25.0-vu3pkkfw6chzuewk2735vf3jhmi5na6l/share/cmake-3.25/Modules/CMakeCCompilerABI.c]
  ignore line: [clang version 14.0.6]
  ignore line: [Target: x86_64-unknown-linux-gnu]
  ignore line: [Thread model: posix]
  ignore line: [InstalledDir: /opt/spack/opt/spack/linux-ubuntu22.04-zen3/gcc-11.3.0/llvm-14.0.6-7cied4alpgpvl43vieophlrbpnyqe4yn/bin]
  ignore line: [Found candidate GCC installation: /usr/lib/gcc/x86_64-linux-gnu/11]
  ignore line: [Selected GCC installation: /usr/lib/gcc/x86_64-linux-gnu/11]
  ignore line: [Candidate multilib: .]
  ignore line: [@m64]
  ignore line: [Selected multilib: .]
  ignore line: [@m64]
  ignore line: [ (in-process)]
  ignore line: [ "/opt/spack/opt/spack/linux-ubuntu22.04-zen3/gcc-11.3.0/llvm-14.0.6-7cied4alpgpvl43vieophlrbpnyqe4yn/bin/clang-14" -cc1 -triple x86_64-unknown-linux-gnu -emit-obj -mrelax-all --mrelax-relocations -disable-free -clear-ast-before-backend -disable-llvm-verifier -discard-value-names -main-file-name CMakeCCompilerABI.c -mrelocation-model static -mframe-pointer=all -fmath-errno -ffp-contract=on -fno-rounding-math -mconstructor-aliases -funwind-tables=2 -target-cpu x86-64 -tune-cpu generic -mllvm -treat-scalable-fixed-error-as-warning -debugger-tuning=gdb -v -fcoverage-compilation-dir=/home/jan/Projects/BrainFold/Code/BFSimulator/build/CMakeFiles/CMakeScratch/TryCompile-BHv7YI -resource-dir /opt/spack/opt/spack/linux-ubuntu22.04-zen3/gcc-11.3.0/llvm-14.0.6-7cied4alpgpvl43vieophlrbpnyqe4yn/lib/clang/14.0.6 -dependency-file CMakeFiles/cmTC_fe77d.dir/CMakeCCompilerABI.c.o.d -MT CMakeFiles/cmTC_fe77d.dir/CMakeCCompilerABI.c.o -sys-header-deps -I/opt/spack/opt/spack/linux-ubuntu22.04-zen3/gcc-11.3.0/python-3.10.8-lfc6riuu5m4k27azqdayhpjlt3y6f4b5/include/python3.10 -internal-isystem /opt/spack/opt/spack/linux-ubuntu22.04-zen3/gcc-11.3.0/llvm-14.0.6-7cied4alpgpvl43vieophlrbpnyqe4yn/lib/clang/14.0.6/include -internal-isystem /usr/local/include -internal-isystem /usr/lib/gcc/x86_64-linux-gnu/11/../../../../x86_64-linux-gnu/include -internal-externc-isystem /usr/include/x86_64-linux-gnu -internal-externc-isystem /include -internal-externc-isystem /usr/include -fdebug-compilation-dir=/home/jan/Projects/BrainFold/Code/BFSimulator/build/CMakeFiles/CMakeScratch/TryCompile-BHv7YI -ferror-limit 19 -fgnuc-version=4.2.1 -faddrsig -D__GCC_HAVE_DWARF2_CFI_ASM=1 -o CMakeFiles/cmTC_fe77d.dir/CMakeCCompilerABI.c.o -x c /opt/spack/opt/spack/linux-ubuntu22.04-zen3/gcc-11.3.0/cmake-3.25.0-vu3pkkfw6chzuewk2735vf3jhmi5na6l/share/cmake-3.25/Modules/CMakeCCompilerABI.c]
  ignore line: [clang -cc1 version 14.0.6 based upon LLVM 14.0.6 default target x86_64-unknown-linux-gnu]
  ignore line: [ignoring nonexistent directory "/usr/lib/gcc/x86_64-linux-gnu/11/../../../../x86_64-linux-gnu/include"]
  ignore line: [ignoring nonexistent directory "/include"]
  ignore line: [#include "..." search starts here:]
  ignore line: [#include <...> search starts here:]
  ignore line: [ /opt/spack/opt/spack/linux-ubuntu22.04-zen3/gcc-11.3.0/python-3.10.8-lfc6riuu5m4k27azqdayhpjlt3y6f4b5/include/python3.10]
  ignore line: [ /opt/spack/opt/spack/linux-ubuntu22.04-zen3/gcc-11.3.0/llvm-14.0.6-7cied4alpgpvl43vieophlrbpnyqe4yn/lib/clang/14.0.6/include]
  ignore line: [ /usr/local/include]
  ignore line: [ /usr/include/x86_64-linux-gnu]
  ignore line: [ /usr/include]
  ignore line: [End of search list.]
  ignore line: [Linking C executable cmTC_fe77d]
  ignore line: [/opt/spack/opt/spack/linux-ubuntu22.04-zen3/gcc-11.3.0/cmake-3.25.0-vu3pkkfw6chzuewk2735vf3jhmi5na6l/bin/cmake -E cmake_link_script CMakeFiles/cmTC_fe77d.dir/link.txt --verbose=1]
  ignore line: [/opt/spack/opt/spack/linux-ubuntu22.04-zen3/gcc-11.3.0/llvm-14.0.6-7cied4alpgpvl43vieophlrbpnyqe4yn/bin/clang  -v CMakeFiles/cmTC_fe77d.dir/CMakeCCompilerABI.c.o -o cmTC_fe77d ]
  ignore line: [clang version 14.0.6]
  ignore line: [Target: x86_64-unknown-linux-gnu]
  ignore line: [Thread model: posix]
  ignore line: [InstalledDir: /opt/spack/opt/spack/linux-ubuntu22.04-zen3/gcc-11.3.0/llvm-14.0.6-7cied4alpgpvl43vieophlrbpnyqe4yn/bin]
  ignore line: [Found candidate GCC installation: /usr/lib/gcc/x86_64-linux-gnu/11]
  ignore line: [Selected GCC installation: /usr/lib/gcc/x86_64-linux-gnu/11]
  ignore line: [Candidate multilib: .]
  ignore line: [@m64]
  ignore line: [Selected multilib: .]
  ignore line: [@m64]
  link line: [ "/opt/spack/opt/spack/linux-ubuntu22.04-zen3/gcc-11.3.0/binutils-2.38-hghweccqrox4wtdcn3y7sjd4dlokvzha/bin/ld" -z relro --hash-style=gnu --eh-frame-hdr -m elf_x86_64 -dynamic-linker /lib64/ld-linux-x86-64.so.2 -o cmTC_fe77d /lib/x86_64-linux-gnu/crt1.o /lib/x86_64-linux-gnu/crti.o /usr/lib/gcc/x86_64-linux-gnu/11/crtbegin.o -L/usr/lib/gcc/x86_64-linux-gnu/11 -L/usr/lib/gcc/x86_64-linux-gnu/11/../../../../lib64 -L/lib/x86_64-linux-gnu -L/lib/../lib64 -L/usr/lib/x86_64-linux-gnu -L/usr/lib/../lib64 -L/opt/spack/opt/spack/linux-ubuntu22.04-zen3/gcc-11.3.0/llvm-14.0.6-7cied4alpgpvl43vieophlrbpnyqe4yn/bin/../lib -L/lib -L/usr/lib CMakeFiles/cmTC_fe77d.dir/CMakeCCompilerABI.c.o -lgcc --as-needed -lgcc_s --no-as-needed -lc -lgcc --as-needed -lgcc_s --no-as-needed /usr/lib/gcc/x86_64-linux-gnu/11/crtend.o /lib/x86_64-linux-gnu/crtn.o]
    arg [/opt/spack/opt/spack/linux-ubuntu22.04-zen3/gcc-11.3.0/binutils-2.38-hghweccqrox4wtdcn3y7sjd4dlokvzha/bin/ld] ==> ignore
    arg [-zrelro] ==> ignore
    arg [--hash-style=gnu] ==> ignore
    arg [--eh-frame-hdr] ==> ignore
    arg [-m] ==> ignore
    arg [elf_x86_64] ==> ignore
    arg [-dynamic-linker] ==> ignore
    arg [/lib64/ld-linux-x86-64.so.2] ==> ignore
    arg [-o] ==> ignore
    arg [cmTC_fe77d] ==> ignore
    arg [/lib/x86_64-linux-gnu/crt1.o] ==> obj [/lib/x86_64-linux-gnu/crt1.o]
    arg [/lib/x86_64-linux-gnu/crti.o] ==> obj [/lib/x86_64-linux-gnu/crti.o]
    arg [/usr/lib/gcc/x86_64-linux-gnu/11/crtbegin.o] ==> obj [/usr/lib/gcc/x86_64-linux-gnu/11/crtbegin.o]
    arg [-L/usr/lib/gcc/x86_64-linux-gnu/11] ==> dir [/usr/lib/gcc/x86_64-linux-gnu/11]
    arg [-L/usr/lib/gcc/x86_64-linux-gnu/11/../../../../lib64] ==> dir [/usr/lib/gcc/x86_64-linux-gnu/11/../../../../lib64]
    arg [-L/lib/x86_64-linux-gnu] ==> dir [/lib/x86_64-linux-gnu]
    arg [-L/lib/../lib64] ==> dir [/lib/../lib64]
    arg [-L/usr/lib/x86_64-linux-gnu] ==> dir [/usr/lib/x86_64-linux-gnu]
    arg [-L/usr/lib/../lib64] ==> dir [/usr/lib/../lib64]
    arg [-L/opt/spack/opt/spack/linux-ubuntu22.04-zen3/gcc-11.3.0/llvm-14.0.6-7cied4alpgpvl43vieophlrbpnyqe4yn/bin/../lib] ==> dir [/opt/spack/opt/spack/linux-ubuntu22.04-zen3/gcc-11.3.0/llvm-14.0.6-7cied4alpgpvl43vieophlrbpnyqe4yn/bin/../lib]
    arg [-L/lib] ==> dir [/lib]
    arg [-L/usr/lib] ==> dir [/usr/lib]
    arg [CMakeFiles/cmTC_fe77d.dir/CMakeCCompilerABI.c.o] ==> ignore
    arg [-lgcc] ==> lib [gcc]
    arg [--as-needed] ==> ignore
    arg [-lgcc_s] ==> lib [gcc_s]
    arg [--no-as-needed] ==> ignore
    arg [-lc] ==> lib [c]
    arg [-lgcc] ==> lib [gcc]
    arg [--as-needed] ==> ignore
    arg [-lgcc_s] ==> lib [gcc_s]
    arg [--no-as-needed] ==> ignore
    arg [/usr/lib/gcc/x86_64-linux-gnu/11/crtend.o] ==> obj [/usr/lib/gcc/x86_64-linux-gnu/11/crtend.o]
    arg [/lib/x86_64-linux-gnu/crtn.o] ==> obj [/lib/x86_64-linux-gnu/crtn.o]
  collapse library dir [/usr/lib/gcc/x86_64-linux-gnu/11] ==> [/usr/lib/gcc/x86_64-linux-gnu/11]
  collapse library dir [/usr/lib/gcc/x86_64-linux-gnu/11/../../../../lib64] ==> [/usr/lib64]
  collapse library dir [/lib/x86_64-linux-gnu] ==> [/lib/x86_64-linux-gnu]
  collapse library dir [/lib/../lib64] ==> [/lib64]
  collapse library dir [/usr/lib/x86_64-linux-gnu] ==> [/usr/lib/x86_64-linux-gnu]
  collapse library dir [/usr/lib/../lib64] ==> [/usr/lib64]
  collapse library dir [/opt/spack/opt/spack/linux-ubuntu22.04-zen3/gcc-11.3.0/llvm-14.0.6-7cied4alpgpvl43vieophlrbpnyqe4yn/bin/../lib] ==> [/opt/spack/opt/spack/linux-ubuntu22.04-zen3/gcc-11.3.0/llvm-14.0.6-7cied4alpgpvl43vieophlrbpnyqe4yn/lib]
  collapse library dir [/lib] ==> [/lib]
  collapse library dir [/usr/lib] ==> [/usr/lib]
  implicit libs: [gcc;gcc_s;c;gcc;gcc_s]
  implicit objs: [/lib/x86_64-linux-gnu/crt1.o;/lib/x86_64-linux-gnu/crti.o;/usr/lib/gcc/x86_64-linux-gnu/11/crtbegin.o;/usr/lib/gcc/x86_64-linux-gnu/11/crtend.o;/lib/x86_64-linux-gnu/crtn.o]
  implicit dirs: [/usr/lib/gcc/x86_64-linux-gnu/11;/usr/lib64;/lib/x86_64-linux-gnu;/lib64;/usr/lib/x86_64-linux-gnu;/opt/spack/opt/spack/linux-ubuntu22.04-zen3/gcc-11.3.0/llvm-14.0.6-7cied4alpgpvl43vieophlrbpnyqe4yn/lib;/lib;/usr/lib]
  implicit fwks: []


Detecting CXX compiler ABI info compiled with the following output:
Change Dir: /home/jan/Projects/BrainFold/Code/BFSimulator/build/CMakeFiles/CMakeScratch/TryCompile-pwcYJp

Run Build Command(s):/usr/bin/gmake -f Makefile cmTC_c9b09/fast && /usr/bin/gmake  -f CMakeFiles/cmTC_c9b09.dir/build.make CMakeFiles/cmTC_c9b09.dir/build
gmake[1]: Entering directory '/home/jan/Projects/BrainFold/Code/BFSimulator/build/CMakeFiles/CMakeScratch/TryCompile-pwcYJp'
Building CXX object CMakeFiles/cmTC_c9b09.dir/CMakeCXXCompilerABI.cpp.o
/opt/spack/opt/spack/linux-ubuntu22.04-zen3/gcc-11.3.0/openmpi-4.1.4-6ynuolx2oxm6rnfhxeobduospoh5z2v4/bin/mpic++   -v -o CMakeFiles/cmTC_c9b09.dir/CMakeCXXCompilerABI.cpp.o -c /opt/spack/opt/spack/linux-ubuntu22.04-zen3/gcc-11.3.0/cmake-3.25.0-vu3pkkfw6chzuewk2735vf3jhmi5na6l/share/cmake-3.25/Modules/CMakeCXXCompilerABI.cpp
Using built-in specs.
COLLECT_GCC=/usr/bin/g++
OFFLOAD_TARGET_NAMES=nvptx-none:amdgcn-amdhsa
OFFLOAD_TARGET_DEFAULT=1
Target: x86_64-linux-gnu
Configured with: ../src/configure -v --with-pkgversion='Ubuntu 11.3.0-1ubuntu1~22.04' --with-bugurl=file:///usr/share/doc/gcc-11/README.Bugs --enable-languages=c,ada,c++,go,brig,d,fortran,objc,obj-c++,m2 --prefix=/usr --with-gcc-major-version-only --program-suffix=-11 --program-prefix=x86_64-linux-gnu- --enable-shared --enable-linker-build-id --libexecdir=/usr/lib --without-included-gettext --enable-threads=posix --libdir=/usr/lib --enable-nls --enable-bootstrap --enable-clocale=gnu --enable-libstdcxx-debug --enable-libstdcxx-time=yes --with-default-libstdcxx-abi=new --enable-gnu-unique-object --disable-vtable-verify --enable-plugin --enable-default-pie --with-system-zlib --enable-libphobos-checking=release --with-target-system-zlib=auto --enable-objc-gc=auto --enable-multiarch --disable-werror --enable-cet --with-arch-32=i686 --with-abi=m64 --with-multilib-list=m32,m64,mx32 --enable-multilib --with-tune=generic --enable-offload-targets=nvptx-none=/build/gcc-11-xKiWfi/gcc-11-11.3.0/debian/tmp-nvptx/usr,amdgcn-amdhsa=/build/gcc-11-xKiWfi/gcc-11-11.3.0/debian/tmp-gcn/usr --without-cuda-driver --enable-checking=release --build=x86_64-linux-gnu --host=x86_64-linux-gnu --target=x86_64-linux-gnu --with-build-config=bootstrap-lto-lean --enable-link-serialization=2
Thread model: posix
Supported LTO compression algorithms: zlib zstd
gcc version 11.3.0 (Ubuntu 11.3.0-1ubuntu1~22.04) 
COLLECT_GCC_OPTIONS='-v' '-o' 'CMakeFiles/cmTC_c9b09.dir/CMakeCXXCompilerABI.cpp.o' '-c' '-I' '/opt/spack/opt/spack/linux-ubuntu22.04-zen3/gcc-11.3.0/openmpi-4.1.4-6ynuolx2oxm6rnfhxeobduospoh5z2v4/include' '-shared-libgcc' '-mtune=generic' '-march=x86-64' '-dumpdir' 'CMakeFiles/cmTC_c9b09.dir/'
 /usr/lib/gcc/x86_64-linux-gnu/11/cc1plus -quiet -v -I /opt/spack/opt/spack/linux-ubuntu22.04-zen3/gcc-11.3.0/openmpi-4.1.4-6ynuolx2oxm6rnfhxeobduospoh5z2v4/include -imultiarch x86_64-linux-gnu -D_GNU_SOURCE /opt/spack/opt/spack/linux-ubuntu22.04-zen3/gcc-11.3.0/cmake-3.25.0-vu3pkkfw6chzuewk2735vf3jhmi5na6l/share/cmake-3.25/Modules/CMakeCXXCompilerABI.cpp -quiet -dumpdir CMakeFiles/cmTC_c9b09.dir/ -dumpbase CMakeCXXCompilerABI.cpp.cpp -dumpbase-ext .cpp -mtune=generic -march=x86-64 -version -fasynchronous-unwind-tables -fstack-protector-strong -Wformat -Wformat-security -fstack-clash-protection -fcf-protection -o /tmp/ccpooZL1.s
GNU C++17 (Ubuntu 11.3.0-1ubuntu1~22.04) version 11.3.0 (x86_64-linux-gnu)
	compiled by GNU C version 11.3.0, GMP version 6.2.1, MPFR version 4.1.0, MPC version 1.2.1, isl version isl-0.24-GMP

GGC heuristics: --param ggc-min-expand=100 --param ggc-min-heapsize=131072
ignoring duplicate directory "/usr/include/x86_64-linux-gnu/c++/11"
ignoring nonexistent directory "/usr/local/include/x86_64-linux-gnu"
ignoring nonexistent directory "/usr/lib/gcc/x86_64-linux-gnu/11/include-fixed"
ignoring nonexistent directory "/usr/lib/gcc/x86_64-linux-gnu/11/../../../../x86_64-linux-gnu/include"
#include "..." search starts here:
#include <...> search starts here:
 /opt/spack/opt/spack/linux-ubuntu22.04-zen3/gcc-11.3.0/openmpi-4.1.4-6ynuolx2oxm6rnfhxeobduospoh5z2v4/include
 /opt/spack/opt/spack/linux-ubuntu22.04-zen3/gcc-11.3.0/python-3.10.8-lfc6riuu5m4k27azqdayhpjlt3y6f4b5/include/python3.10
 /usr/include/c++/11
 /usr/include/x86_64-linux-gnu/c++/11
 /usr/include/c++/11/backward
 /usr/lib/gcc/x86_64-linux-gnu/11/include
 /usr/local/include
 /usr/include/x86_64-linux-gnu
 /usr/include
End of search list.
GNU C++17 (Ubuntu 11.3.0-1ubuntu1~22.04) version 11.3.0 (x86_64-linux-gnu)
	compiled by GNU C version 11.3.0, GMP version 6.2.1, MPFR version 4.1.0, MPC version 1.2.1, isl version isl-0.24-GMP

GGC heuristics: --param ggc-min-expand=100 --param ggc-min-heapsize=131072
Compiler executable checksum: 449548cbb29044828dc7ea158b577b98
COLLECT_GCC_OPTIONS='-v' '-o' 'CMakeFiles/cmTC_c9b09.dir/CMakeCXXCompilerABI.cpp.o' '-c' '-I' '/opt/spack/opt/spack/linux-ubuntu22.04-zen3/gcc-11.3.0/openmpi-4.1.4-6ynuolx2oxm6rnfhxeobduospoh5z2v4/include' '-shared-libgcc' '-mtune=generic' '-march=x86-64' '-dumpdir' 'CMakeFiles/cmTC_c9b09.dir/'
 as -v -I /opt/spack/opt/spack/linux-ubuntu22.04-zen3/gcc-11.3.0/openmpi-4.1.4-6ynuolx2oxm6rnfhxeobduospoh5z2v4/include --64 -o CMakeFiles/cmTC_c9b09.dir/CMakeCXXCompilerABI.cpp.o /tmp/ccpooZL1.s
GNU assembler version 2.38 (x86_64-linux-gnu) using BFD version (GNU Binutils for Ubuntu) 2.38
COMPILER_PATH=/usr/lib/gcc/x86_64-linux-gnu/11/:/usr/lib/gcc/x86_64-linux-gnu/11/:/usr/lib/gcc/x86_64-linux-gnu/:/usr/lib/gcc/x86_64-linux-gnu/11/:/usr/lib/gcc/x86_64-linux-gnu/
LIBRARY_PATH=/usr/lib/gcc/x86_64-linux-gnu/11/:/usr/lib/gcc/x86_64-linux-gnu/11/../../../x86_64-linux-gnu/:/usr/lib/gcc/x86_64-linux-gnu/11/../../../../lib/:/lib/x86_64-linux-gnu/:/lib/../lib/:/usr/lib/x86_64-linux-gnu/:/usr/lib/../lib/:/usr/lib/gcc/x86_64-linux-gnu/11/../../../:/lib/:/usr/lib/
COLLECT_GCC_OPTIONS='-v' '-o' 'CMakeFiles/cmTC_c9b09.dir/CMakeCXXCompilerABI.cpp.o' '-c' '-I' '/opt/spack/opt/spack/linux-ubuntu22.04-zen3/gcc-11.3.0/openmpi-4.1.4-6ynuolx2oxm6rnfhxeobduospoh5z2v4/include' '-shared-libgcc' '-mtune=generic' '-march=x86-64' '-dumpdir' 'CMakeFiles/cmTC_c9b09.dir/CMakeCXXCompilerABI.cpp.'
Linking CXX executable cmTC_c9b09
/opt/spack/opt/spack/linux-ubuntu22.04-zen3/gcc-11.3.0/cmake-3.25.0-vu3pkkfw6chzuewk2735vf3jhmi5na6l/bin/cmake -E cmake_link_script CMakeFiles/cmTC_c9b09.dir/link.txt --verbose=1
/opt/spack/opt/spack/linux-ubuntu22.04-zen3/gcc-11.3.0/openmpi-4.1.4-6ynuolx2oxm6rnfhxeobduospoh5z2v4/bin/mpic++  -v CMakeFiles/cmTC_c9b09.dir/CMakeCXXCompilerABI.cpp.o -o cmTC_c9b09 
Using built-in specs.
COLLECT_GCC=/usr/bin/g++
COLLECT_LTO_WRAPPER=/usr/lib/gcc/x86_64-linux-gnu/11/lto-wrapper
OFFLOAD_TARGET_NAMES=nvptx-none:amdgcn-amdhsa
OFFLOAD_TARGET_DEFAULT=1
Target: x86_64-linux-gnu
Configured with: ../src/configure -v --with-pkgversion='Ubuntu 11.3.0-1ubuntu1~22.04' --with-bugurl=file:///usr/share/doc/gcc-11/README.Bugs --enable-languages=c,ada,c++,go,brig,d,fortran,objc,obj-c++,m2 --prefix=/usr --with-gcc-major-version-only --program-suffix=-11 --program-prefix=x86_64-linux-gnu- --enable-shared --enable-linker-build-id --libexecdir=/usr/lib --without-included-gettext --enable-threads=posix --libdir=/usr/lib --enable-nls --enable-bootstrap --enable-clocale=gnu --enable-libstdcxx-debug --enable-libstdcxx-time=yes --with-default-libstdcxx-abi=new --enable-gnu-unique-object --disable-vtable-verify --enable-plugin --enable-default-pie --with-system-zlib --enable-libphobos-checking=release --with-target-system-zlib=auto --enable-objc-gc=auto --enable-multiarch --disable-werror --enable-cet --with-arch-32=i686 --with-abi=m64 --with-multilib-list=m32,m64,mx32 --enable-multilib --with-tune=generic --enable-offload-targets=nvptx-none=/build/gcc-11-xKiWfi/gcc-11-11.3.0/debian/tmp-nvptx/usr,amdgcn-amdhsa=/build/gcc-11-xKiWfi/gcc-11-11.3.0/debian/tmp-gcn/usr --without-cuda-driver --enable-checking=release --build=x86_64-linux-gnu --host=x86_64-linux-gnu --target=x86_64-linux-gnu --with-build-config=bootstrap-lto-lean --enable-link-serialization=2
Thread model: posix
Supported LTO compression algorithms: zlib zstd
gcc version 11.3.0 (Ubuntu 11.3.0-1ubuntu1~22.04) 
COMPILER_PATH=/usr/lib/gcc/x86_64-linux-gnu/11/:/usr/lib/gcc/x86_64-linux-gnu/11/:/usr/lib/gcc/x86_64-linux-gnu/:/usr/lib/gcc/x86_64-linux-gnu/11/:/usr/lib/gcc/x86_64-linux-gnu/
LIBRARY_PATH=/usr/lib/gcc/x86_64-linux-gnu/11/:/usr/lib/gcc/x86_64-linux-gnu/11/../../../x86_64-linux-gnu/:/usr/lib/gcc/x86_64-linux-gnu/11/../../../../lib/:/lib/x86_64-linux-gnu/:/lib/../lib/:/usr/lib/x86_64-linux-gnu/:/usr/lib/../lib/:/usr/lib/gcc/x86_64-linux-gnu/11/../../../:/lib/:/usr/lib/
COLLECT_GCC_OPTIONS='-v' '-o' 'cmTC_c9b09' '-I' '/opt/spack/opt/spack/linux-ubuntu22.04-zen3/gcc-11.3.0/openmpi-4.1.4-6ynuolx2oxm6rnfhxeobduospoh5z2v4/include' '-L/opt/spack/opt/spack/linux-ubuntu22.04-zen3/gcc-11.3.0/openmpi-4.1.4-6ynuolx2oxm6rnfhxeobduospoh5z2v4/lib' '-L/opt/spack/opt/spack/linux-ubuntu22.04-zen3/gcc-11.3.0/hwloc-2.8.0-i2ujucmtpv55cp3m6yqnlrid4n34nswg/lib' '-L/opt/spack/opt/spack/linux-ubuntu22.04-zen3/gcc-11.3.0/libevent-2.1.12-zjpsjqrf45ltucsg3she3u4qun3wjrhy/lib' '-L/opt/spack/opt/spack/linux-ubuntu22.04-zen3/gcc-11.3.0/pmix-4.1.2-dxzgrpazw5d7kxlqhvsiqrtorq25nzjy/lib' '-shared-libgcc' '-mtune=generic' '-march=x86-64' '-dumpdir' 'cmTC_c9b09.'
 /usr/lib/gcc/x86_64-linux-gnu/11/collect2 -plugin /usr/lib/gcc/x86_64-linux-gnu/11/liblto_plugin.so -plugin-opt=/usr/lib/gcc/x86_64-linux-gnu/11/lto-wrapper -plugin-opt=-fresolution=/tmp/ccHcoasC.res -plugin-opt=-pass-through=-lgcc_s -plugin-opt=-pass-through=-lgcc -plugin-opt=-pass-through=-lc -plugin-opt=-pass-through=-lgcc_s -plugin-opt=-pass-through=-lgcc --build-id --eh-frame-hdr -m elf_x86_64 --hash-style=gnu --as-needed -dynamic-linker /lib64/ld-linux-x86-64.so.2 -pie -z now -z relro -o cmTC_c9b09 /usr/lib/gcc/x86_64-linux-gnu/11/../../../x86_64-linux-gnu/Scrt1.o /usr/lib/gcc/x86_64-linux-gnu/11/../../../x86_64-linux-gnu/crti.o /usr/lib/gcc/x86_64-linux-gnu/11/crtbeginS.o -L/opt/spack/opt/spack/linux-ubuntu22.04-zen3/gcc-11.3.0/openmpi-4.1.4-6ynuolx2oxm6rnfhxeobduospoh5z2v4/lib -L/opt/spack/opt/spack/linux-ubuntu22.04-zen3/gcc-11.3.0/hwloc-2.8.0-i2ujucmtpv55cp3m6yqnlrid4n34nswg/lib -L/opt/spack/opt/spack/linux-ubuntu22.04-zen3/gcc-11.3.0/libevent-2.1.12-zjpsjqrf45ltucsg3she3u4qun3wjrhy/lib -L/opt/spack/opt/spack/linux-ubuntu22.04-zen3/gcc-11.3.0/pmix-4.1.2-dxzgrpazw5d7kxlqhvsiqrtorq25nzjy/lib -L/usr/lib/gcc/x86_64-linux-gnu/11 -L/usr/lib/gcc/x86_64-linux-gnu/11/../../../x86_64-linux-gnu -L/usr/lib/gcc/x86_64-linux-gnu/11/../../../../lib -L/lib/x86_64-linux-gnu -L/lib/../lib -L/usr/lib/x86_64-linux-gnu -L/usr/lib/../lib -L/usr/lib/gcc/x86_64-linux-gnu/11/../../.. CMakeFiles/cmTC_c9b09.dir/CMakeCXXCompilerABI.cpp.o -rpath /opt/spack/opt/spack/linux-ubuntu22.04-zen3/gcc-11.3.0/openmpi-4.1.4-6ynuolx2oxm6rnfhxeobduospoh5z2v4/lib -rpath /opt/spack/opt/spack/linux-ubuntu22.04-zen3/gcc-11.3.0/hwloc-2.8.0-i2ujucmtpv55cp3m6yqnlrid4n34nswg/lib -rpath /opt/spack/opt/spack/linux-ubuntu22.04-zen3/gcc-11.3.0/libevent-2.1.12-zjpsjqrf45ltucsg3she3u4qun3wjrhy/lib -rpath /opt/spack/opt/spack/linux-ubuntu22.04-zen3/gcc-11.3.0/pmix-4.1.2-dxzgrpazw5d7kxlqhvsiqrtorq25nzjy/lib -lmpi -lstdc++ -lm -lgcc_s -lgcc -lc -lgcc_s -lgcc /usr/lib/gcc/x86_64-linux-gnu/11/crtendS.o /usr/lib/gcc/x86_64-linux-gnu/11/../../../x86_64-linux-gnu/crtn.o
COLLECT_GCC_OPTIONS='-v' '-o' 'cmTC_c9b09' '-I' '/opt/spack/opt/spack/linux-ubuntu22.04-zen3/gcc-11.3.0/openmpi-4.1.4-6ynuolx2oxm6rnfhxeobduospoh5z2v4/include' '-L/opt/spack/opt/spack/linux-ubuntu22.04-zen3/gcc-11.3.0/openmpi-4.1.4-6ynuolx2oxm6rnfhxeobduospoh5z2v4/lib' '-L/opt/spack/opt/spack/linux-ubuntu22.04-zen3/gcc-11.3.0/hwloc-2.8.0-i2ujucmtpv55cp3m6yqnlrid4n34nswg/lib' '-L/opt/spack/opt/spack/linux-ubuntu22.04-zen3/gcc-11.3.0/libevent-2.1.12-zjpsjqrf45ltucsg3she3u4qun3wjrhy/lib' '-L/opt/spack/opt/spack/linux-ubuntu22.04-zen3/gcc-11.3.0/pmix-4.1.2-dxzgrpazw5d7kxlqhvsiqrtorq25nzjy/lib' '-shared-libgcc' '-mtune=generic' '-march=x86-64' '-dumpdir' 'cmTC_c9b09.'
gmake[1]: Leaving directory '/home/jan/Projects/BrainFold/Code/BFSimulator/build/CMakeFiles/CMakeScratch/TryCompile-pwcYJp'



Parsed CXX implicit include dir info from above output: rv=done
  found start of include info
  found start of implicit include info
    add: [/opt/spack/opt/spack/linux-ubuntu22.04-zen3/gcc-11.3.0/openmpi-4.1.4-6ynuolx2oxm6rnfhxeobduospoh5z2v4/include]
    add: [/opt/spack/opt/spack/linux-ubuntu22.04-zen3/gcc-11.3.0/python-3.10.8-lfc6riuu5m4k27azqdayhpjlt3y6f4b5/include/python3.10]
    add: [/usr/include/c++/11]
    add: [/usr/include/x86_64-linux-gnu/c++/11]
    add: [/usr/include/c++/11/backward]
    add: [/usr/lib/gcc/x86_64-linux-gnu/11/include]
    add: [/usr/local/include]
    add: [/usr/include/x86_64-linux-gnu]
    add: [/usr/include]
  end of search list found
  collapse include dir [/opt/spack/opt/spack/linux-ubuntu22.04-zen3/gcc-11.3.0/openmpi-4.1.4-6ynuolx2oxm6rnfhxeobduospoh5z2v4/include] ==> [/opt/spack/opt/spack/linux-ubuntu22.04-zen3/gcc-11.3.0/openmpi-4.1.4-6ynuolx2oxm6rnfhxeobduospoh5z2v4/include]
  collapse include dir [/opt/spack/opt/spack/linux-ubuntu22.04-zen3/gcc-11.3.0/python-3.10.8-lfc6riuu5m4k27azqdayhpjlt3y6f4b5/include/python3.10] ==> [/opt/spack/opt/spack/linux-ubuntu22.04-zen3/gcc-11.3.0/python-3.10.8-lfc6riuu5m4k27azqdayhpjlt3y6f4b5/include/python3.10]
  collapse include dir [/usr/include/c++/11] ==> [/usr/include/c++/11]
  collapse include dir [/usr/include/x86_64-linux-gnu/c++/11] ==> [/usr/include/x86_64-linux-gnu/c++/11]
  collapse include dir [/usr/include/c++/11/backward] ==> [/usr/include/c++/11/backward]
  collapse include dir [/usr/lib/gcc/x86_64-linux-gnu/11/include] ==> [/usr/lib/gcc/x86_64-linux-gnu/11/include]
  collapse include dir [/usr/local/include] ==> [/usr/local/include]
  collapse include dir [/usr/include/x86_64-linux-gnu] ==> [/usr/include/x86_64-linux-gnu]
  collapse include dir [/usr/include] ==> [/usr/include]
  implicit include dirs: [/opt/spack/opt/spack/linux-ubuntu22.04-zen3/gcc-11.3.0/openmpi-4.1.4-6ynuolx2oxm6rnfhxeobduospoh5z2v4/include;/opt/spack/opt/spack/linux-ubuntu22.04-zen3/gcc-11.3.0/python-3.10.8-lfc6riuu5m4k27azqdayhpjlt3y6f4b5/include/python3.10;/usr/include/c++/11;/usr/include/x86_64-linux-gnu/c++/11;/usr/include/c++/11/backward;/usr/lib/gcc/x86_64-linux-gnu/11/include;/usr/local/include;/usr/include/x86_64-linux-gnu;/usr/include]


Parsed CXX implicit link information from above output:
  link line regex: [^( *|.*[/\])(ld\.lld|CMAKE_LINK_STARTFILE-NOTFOUND|([^/\]+-)?ld|collect2)[^/\]*( |$)]
  ignore line: [Change Dir: /home/jan/Projects/BrainFold/Code/BFSimulator/build/CMakeFiles/CMakeScratch/TryCompile-pwcYJp]
  ignore line: []
  ignore line: [Run Build Command(s):/usr/bin/gmake -f Makefile cmTC_c9b09/fast && /usr/bin/gmake  -f CMakeFiles/cmTC_c9b09.dir/build.make CMakeFiles/cmTC_c9b09.dir/build]
  ignore line: [gmake[1]: Entering directory '/home/jan/Projects/BrainFold/Code/BFSimulator/build/CMakeFiles/CMakeScratch/TryCompile-pwcYJp']
  ignore line: [Building CXX object CMakeFiles/cmTC_c9b09.dir/CMakeCXXCompilerABI.cpp.o]
  ignore line: [/opt/spack/opt/spack/linux-ubuntu22.04-zen3/gcc-11.3.0/openmpi-4.1.4-6ynuolx2oxm6rnfhxeobduospoh5z2v4/bin/mpic++   -v -o CMakeFiles/cmTC_c9b09.dir/CMakeCXXCompilerABI.cpp.o -c /opt/spack/opt/spack/linux-ubuntu22.04-zen3/gcc-11.3.0/cmake-3.25.0-vu3pkkfw6chzuewk2735vf3jhmi5na6l/share/cmake-3.25/Modules/CMakeCXXCompilerABI.cpp]
  ignore line: [Using built-in specs.]
  ignore line: [COLLECT_GCC=/usr/bin/g++]
  ignore line: [OFFLOAD_TARGET_NAMES=nvptx-none:amdgcn-amdhsa]
  ignore line: [OFFLOAD_TARGET_DEFAULT=1]
  ignore line: [Target: x86_64-linux-gnu]
  ignore line: [Configured with: ../src/configure -v --with-pkgversion='Ubuntu 11.3.0-1ubuntu1~22.04' --with-bugurl=file:///usr/share/doc/gcc-11/README.Bugs --enable-languages=c ada c++ go brig d fortran objc obj-c++ m2 --prefix=/usr --with-gcc-major-version-only --program-suffix=-11 --program-prefix=x86_64-linux-gnu- --enable-shared --enable-linker-build-id --libexecdir=/usr/lib --without-included-gettext --enable-threads=posix --libdir=/usr/lib --enable-nls --enable-bootstrap --enable-clocale=gnu --enable-libstdcxx-debug --enable-libstdcxx-time=yes --with-default-libstdcxx-abi=new --enable-gnu-unique-object --disable-vtable-verify --enable-plugin --enable-default-pie --with-system-zlib --enable-libphobos-checking=release --with-target-system-zlib=auto --enable-objc-gc=auto --enable-multiarch --disable-werror --enable-cet --with-arch-32=i686 --with-abi=m64 --with-multilib-list=m32 m64 mx32 --enable-multilib --with-tune=generic --enable-offload-targets=nvptx-none=/build/gcc-11-xKiWfi/gcc-11-11.3.0/debian/tmp-nvptx/usr amdgcn-amdhsa=/build/gcc-11-xKiWfi/gcc-11-11.3.0/debian/tmp-gcn/usr --without-cuda-driver --enable-checking=release --build=x86_64-linux-gnu --host=x86_64-linux-gnu --target=x86_64-linux-gnu --with-build-config=bootstrap-lto-lean --enable-link-serialization=2]
  ignore line: [Thread model: posix]
  ignore line: [Supported LTO compression algorithms: zlib zstd]
  ignore line: [gcc version 11.3.0 (Ubuntu 11.3.0-1ubuntu1~22.04) ]
  ignore line: [COLLECT_GCC_OPTIONS='-v' '-o' 'CMakeFiles/cmTC_c9b09.dir/CMakeCXXCompilerABI.cpp.o' '-c' '-I' '/opt/spack/opt/spack/linux-ubuntu22.04-zen3/gcc-11.3.0/openmpi-4.1.4-6ynuolx2oxm6rnfhxeobduospoh5z2v4/include' '-shared-libgcc' '-mtune=generic' '-march=x86-64' '-dumpdir' 'CMakeFiles/cmTC_c9b09.dir/']
  ignore line: [ /usr/lib/gcc/x86_64-linux-gnu/11/cc1plus -quiet -v -I /opt/spack/opt/spack/linux-ubuntu22.04-zen3/gcc-11.3.0/openmpi-4.1.4-6ynuolx2oxm6rnfhxeobduospoh5z2v4/include -imultiarch x86_64-linux-gnu -D_GNU_SOURCE /opt/spack/opt/spack/linux-ubuntu22.04-zen3/gcc-11.3.0/cmake-3.25.0-vu3pkkfw6chzuewk2735vf3jhmi5na6l/share/cmake-3.25/Modules/CMakeCXXCompilerABI.cpp -quiet -dumpdir CMakeFiles/cmTC_c9b09.dir/ -dumpbase CMakeCXXCompilerABI.cpp.cpp -dumpbase-ext .cpp -mtune=generic -march=x86-64 -version -fasynchronous-unwind-tables -fstack-protector-strong -Wformat -Wformat-security -fstack-clash-protection -fcf-protection -o /tmp/ccpooZL1.s]
  ignore line: [GNU C++17 (Ubuntu 11.3.0-1ubuntu1~22.04) version 11.3.0 (x86_64-linux-gnu)]
  ignore line: [	compiled by GNU C version 11.3.0  GMP version 6.2.1  MPFR version 4.1.0  MPC version 1.2.1  isl version isl-0.24-GMP]
  ignore line: []
  ignore line: [GGC heuristics: --param ggc-min-expand=100 --param ggc-min-heapsize=131072]
  ignore line: [ignoring duplicate directory "/usr/include/x86_64-linux-gnu/c++/11"]
  ignore line: [ignoring nonexistent directory "/usr/local/include/x86_64-linux-gnu"]
  ignore line: [ignoring nonexistent directory "/usr/lib/gcc/x86_64-linux-gnu/11/include-fixed"]
  ignore line: [ignoring nonexistent directory "/usr/lib/gcc/x86_64-linux-gnu/11/../../../../x86_64-linux-gnu/include"]
  ignore line: [#include "..." search starts here:]
  ignore line: [#include <...> search starts here:]
  ignore line: [ /opt/spack/opt/spack/linux-ubuntu22.04-zen3/gcc-11.3.0/openmpi-4.1.4-6ynuolx2oxm6rnfhxeobduospoh5z2v4/include]
  ignore line: [ /opt/spack/opt/spack/linux-ubuntu22.04-zen3/gcc-11.3.0/python-3.10.8-lfc6riuu5m4k27azqdayhpjlt3y6f4b5/include/python3.10]
  ignore line: [ /usr/include/c++/11]
  ignore line: [ /usr/include/x86_64-linux-gnu/c++/11]
  ignore line: [ /usr/include/c++/11/backward]
  ignore line: [ /usr/lib/gcc/x86_64-linux-gnu/11/include]
  ignore line: [ /usr/local/include]
  ignore line: [ /usr/include/x86_64-linux-gnu]
  ignore line: [ /usr/include]
  ignore line: [End of search list.]
  ignore line: [GNU C++17 (Ubuntu 11.3.0-1ubuntu1~22.04) version 11.3.0 (x86_64-linux-gnu)]
  ignore line: [	compiled by GNU C version 11.3.0  GMP version 6.2.1  MPFR version 4.1.0  MPC version 1.2.1  isl version isl-0.24-GMP]
  ignore line: []
  ignore line: [GGC heuristics: --param ggc-min-expand=100 --param ggc-min-heapsize=131072]
  ignore line: [Compiler executable checksum: 449548cbb29044828dc7ea158b577b98]
  ignore line: [COLLECT_GCC_OPTIONS='-v' '-o' 'CMakeFiles/cmTC_c9b09.dir/CMakeCXXCompilerABI.cpp.o' '-c' '-I' '/opt/spack/opt/spack/linux-ubuntu22.04-zen3/gcc-11.3.0/openmpi-4.1.4-6ynuolx2oxm6rnfhxeobduospoh5z2v4/include' '-shared-libgcc' '-mtune=generic' '-march=x86-64' '-dumpdir' 'CMakeFiles/cmTC_c9b09.dir/']
  ignore line: [ as -v -I /opt/spack/opt/spack/linux-ubuntu22.04-zen3/gcc-11.3.0/openmpi-4.1.4-6ynuolx2oxm6rnfhxeobduospoh5z2v4/include --64 -o CMakeFiles/cmTC_c9b09.dir/CMakeCXXCompilerABI.cpp.o /tmp/ccpooZL1.s]
  ignore line: [GNU assembler version 2.38 (x86_64-linux-gnu) using BFD version (GNU Binutils for Ubuntu) 2.38]
  ignore line: [COMPILER_PATH=/usr/lib/gcc/x86_64-linux-gnu/11/:/usr/lib/gcc/x86_64-linux-gnu/11/:/usr/lib/gcc/x86_64-linux-gnu/:/usr/lib/gcc/x86_64-linux-gnu/11/:/usr/lib/gcc/x86_64-linux-gnu/]
  ignore line: [LIBRARY_PATH=/usr/lib/gcc/x86_64-linux-gnu/11/:/usr/lib/gcc/x86_64-linux-gnu/11/../../../x86_64-linux-gnu/:/usr/lib/gcc/x86_64-linux-gnu/11/../../../../lib/:/lib/x86_64-linux-gnu/:/lib/../lib/:/usr/lib/x86_64-linux-gnu/:/usr/lib/../lib/:/usr/lib/gcc/x86_64-linux-gnu/11/../../../:/lib/:/usr/lib/]
  ignore line: [COLLECT_GCC_OPTIONS='-v' '-o' 'CMakeFiles/cmTC_c9b09.dir/CMakeCXXCompilerABI.cpp.o' '-c' '-I' '/opt/spack/opt/spack/linux-ubuntu22.04-zen3/gcc-11.3.0/openmpi-4.1.4-6ynuolx2oxm6rnfhxeobduospoh5z2v4/include' '-shared-libgcc' '-mtune=generic' '-march=x86-64' '-dumpdir' 'CMakeFiles/cmTC_c9b09.dir/CMakeCXXCompilerABI.cpp.']
  ignore line: [Linking CXX executable cmTC_c9b09]
  ignore line: [/opt/spack/opt/spack/linux-ubuntu22.04-zen3/gcc-11.3.0/cmake-3.25.0-vu3pkkfw6chzuewk2735vf3jhmi5na6l/bin/cmake -E cmake_link_script CMakeFiles/cmTC_c9b09.dir/link.txt --verbose=1]
  ignore line: [/opt/spack/opt/spack/linux-ubuntu22.04-zen3/gcc-11.3.0/openmpi-4.1.4-6ynuolx2oxm6rnfhxeobduospoh5z2v4/bin/mpic++  -v CMakeFiles/cmTC_c9b09.dir/CMakeCXXCompilerABI.cpp.o -o cmTC_c9b09 ]
  ignore line: [Using built-in specs.]
  ignore line: [COLLECT_GCC=/usr/bin/g++]
  ignore line: [COLLECT_LTO_WRAPPER=/usr/lib/gcc/x86_64-linux-gnu/11/lto-wrapper]
  ignore line: [OFFLOAD_TARGET_NAMES=nvptx-none:amdgcn-amdhsa]
  ignore line: [OFFLOAD_TARGET_DEFAULT=1]
  ignore line: [Target: x86_64-linux-gnu]
  ignore line: [Configured with: ../src/configure -v --with-pkgversion='Ubuntu 11.3.0-1ubuntu1~22.04' --with-bugurl=file:///usr/share/doc/gcc-11/README.Bugs --enable-languages=c ada c++ go brig d fortran objc obj-c++ m2 --prefix=/usr --with-gcc-major-version-only --program-suffix=-11 --program-prefix=x86_64-linux-gnu- --enable-shared --enable-linker-build-id --libexecdir=/usr/lib --without-included-gettext --enable-threads=posix --libdir=/usr/lib --enable-nls --enable-bootstrap --enable-clocale=gnu --enable-libstdcxx-debug --enable-libstdcxx-time=yes --with-default-libstdcxx-abi=new --enable-gnu-unique-object --disable-vtable-verify --enable-plugin --enable-default-pie --with-system-zlib --enable-libphobos-checking=release --with-target-system-zlib=auto --enable-objc-gc=auto --enable-multiarch --disable-werror --enable-cet --with-arch-32=i686 --with-abi=m64 --with-multilib-list=m32 m64 mx32 --enable-multilib --with-tune=generic --enable-offload-targets=nvptx-none=/build/gcc-11-xKiWfi/gcc-11-11.3.0/debian/tmp-nvptx/usr amdgcn-amdhsa=/build/gcc-11-xKiWfi/gcc-11-11.3.0/debian/tmp-gcn/usr --without-cuda-driver --enable-checking=release --build=x86_64-linux-gnu --host=x86_64-linux-gnu --target=x86_64-linux-gnu --with-build-config=bootstrap-lto-lean --enable-link-serialization=2]
  ignore line: [Thread model: posix]
  ignore line: [Supported LTO compression algorithms: zlib zstd]
  ignore line: [gcc version 11.3.0 (Ubuntu 11.3.0-1ubuntu1~22.04) ]
  ignore line: [COMPILER_PATH=/usr/lib/gcc/x86_64-linux-gnu/11/:/usr/lib/gcc/x86_64-linux-gnu/11/:/usr/lib/gcc/x86_64-linux-gnu/:/usr/lib/gcc/x86_64-linux-gnu/11/:/usr/lib/gcc/x86_64-linux-gnu/]
  ignore line: [LIBRARY_PATH=/usr/lib/gcc/x86_64-linux-gnu/11/:/usr/lib/gcc/x86_64-linux-gnu/11/../../../x86_64-linux-gnu/:/usr/lib/gcc/x86_64-linux-gnu/11/../../../../lib/:/lib/x86_64-linux-gnu/:/lib/../lib/:/usr/lib/x86_64-linux-gnu/:/usr/lib/../lib/:/usr/lib/gcc/x86_64-linux-gnu/11/../../../:/lib/:/usr/lib/]
  ignore line: [COLLECT_GCC_OPTIONS='-v' '-o' 'cmTC_c9b09' '-I' '/opt/spack/opt/spack/linux-ubuntu22.04-zen3/gcc-11.3.0/openmpi-4.1.4-6ynuolx2oxm6rnfhxeobduospoh5z2v4/include' '-L/opt/spack/opt/spack/linux-ubuntu22.04-zen3/gcc-11.3.0/openmpi-4.1.4-6ynuolx2oxm6rnfhxeobduospoh5z2v4/lib' '-L/opt/spack/opt/spack/linux-ubuntu22.04-zen3/gcc-11.3.0/hwloc-2.8.0-i2ujucmtpv55cp3m6yqnlrid4n34nswg/lib' '-L/opt/spack/opt/spack/linux-ubuntu22.04-zen3/gcc-11.3.0/libevent-2.1.12-zjpsjqrf45ltucsg3she3u4qun3wjrhy/lib' '-L/opt/spack/opt/spack/linux-ubuntu22.04-zen3/gcc-11.3.0/pmix-4.1.2-dxzgrpazw5d7kxlqhvsiqrtorq25nzjy/lib' '-shared-libgcc' '-mtune=generic' '-march=x86-64' '-dumpdir' 'cmTC_c9b09.']
  link line: [ /usr/lib/gcc/x86_64-linux-gnu/11/collect2 -plugin /usr/lib/gcc/x86_64-linux-gnu/11/liblto_plugin.so -plugin-opt=/usr/lib/gcc/x86_64-linux-gnu/11/lto-wrapper -plugin-opt=-fresolution=/tmp/ccHcoasC.res -plugin-opt=-pass-through=-lgcc_s -plugin-opt=-pass-through=-lgcc -plugin-opt=-pass-through=-lc -plugin-opt=-pass-through=-lgcc_s -plugin-opt=-pass-through=-lgcc --build-id --eh-frame-hdr -m elf_x86_64 --hash-style=gnu --as-needed -dynamic-linker /lib64/ld-linux-x86-64.so.2 -pie -z now -z relro -o cmTC_c9b09 /usr/lib/gcc/x86_64-linux-gnu/11/../../../x86_64-linux-gnu/Scrt1.o /usr/lib/gcc/x86_64-linux-gnu/11/../../../x86_64-linux-gnu/crti.o /usr/lib/gcc/x86_64-linux-gnu/11/crtbeginS.o -L/opt/spack/opt/spack/linux-ubuntu22.04-zen3/gcc-11.3.0/openmpi-4.1.4-6ynuolx2oxm6rnfhxeobduospoh5z2v4/lib -L/opt/spack/opt/spack/linux-ubuntu22.04-zen3/gcc-11.3.0/hwloc-2.8.0-i2ujucmtpv55cp3m6yqnlrid4n34nswg/lib -L/opt/spack/opt/spack/linux-ubuntu22.04-zen3/gcc-11.3.0/libevent-2.1.12-zjpsjqrf45ltucsg3she3u4qun3wjrhy/lib -L/opt/spack/opt/spack/linux-ubuntu22.04-zen3/gcc-11.3.0/pmix-4.1.2-dxzgrpazw5d7kxlqhvsiqrtorq25nzjy/lib -L/usr/lib/gcc/x86_64-linux-gnu/11 -L/usr/lib/gcc/x86_64-linux-gnu/11/../../../x86_64-linux-gnu -L/usr/lib/gcc/x86_64-linux-gnu/11/../../../../lib -L/lib/x86_64-linux-gnu -L/lib/../lib -L/usr/lib/x86_64-linux-gnu -L/usr/lib/../lib -L/usr/lib/gcc/x86_64-linux-gnu/11/../../.. CMakeFiles/cmTC_c9b09.dir/CMakeCXXCompilerABI.cpp.o -rpath /opt/spack/opt/spack/linux-ubuntu22.04-zen3/gcc-11.3.0/openmpi-4.1.4-6ynuolx2oxm6rnfhxeobduospoh5z2v4/lib -rpath /opt/spack/opt/spack/linux-ubuntu22.04-zen3/gcc-11.3.0/hwloc-2.8.0-i2ujucmtpv55cp3m6yqnlrid4n34nswg/lib -rpath /opt/spack/opt/spack/linux-ubuntu22.04-zen3/gcc-11.3.0/libevent-2.1.12-zjpsjqrf45ltucsg3she3u4qun3wjrhy/lib -rpath /opt/spack/opt/spack/linux-ubuntu22.04-zen3/gcc-11.3.0/pmix-4.1.2-dxzgrpazw5d7kxlqhvsiqrtorq25nzjy/lib -lmpi -lstdc++ -lm -lgcc_s -lgcc -lc -lgcc_s -lgcc /usr/lib/gcc/x86_64-linux-gnu/11/crtendS.o /usr/lib/gcc/x86_64-linux-gnu/11/../../../x86_64-linux-gnu/crtn.o]
    arg [/usr/lib/gcc/x86_64-linux-gnu/11/collect2] ==> ignore
    arg [-plugin] ==> ignore
    arg [/usr/lib/gcc/x86_64-linux-gnu/11/liblto_plugin.so] ==> ignore
    arg [-plugin-opt=/usr/lib/gcc/x86_64-linux-gnu/11/lto-wrapper] ==> ignore
    arg [-plugin-opt=-fresolution=/tmp/ccHcoasC.res] ==> ignore
    arg [-plugin-opt=-pass-through=-lgcc_s] ==> ignore
    arg [-plugin-opt=-pass-through=-lgcc] ==> ignore
    arg [-plugin-opt=-pass-through=-lc] ==> ignore
    arg [-plugin-opt=-pass-through=-lgcc_s] ==> ignore
    arg [-plugin-opt=-pass-through=-lgcc] ==> ignore
    arg [--build-id] ==> ignore
    arg [--eh-frame-hdr] ==> ignore
    arg [-m] ==> ignore
    arg [elf_x86_64] ==> ignore
    arg [--hash-style=gnu] ==> ignore
    arg [--as-needed] ==> ignore
    arg [-dynamic-linker] ==> ignore
    arg [/lib64/ld-linux-x86-64.so.2] ==> ignore
    arg [-pie] ==> ignore
    arg [-znow] ==> ignore
    arg [-zrelro] ==> ignore
    arg [-o] ==> ignore
    arg [cmTC_c9b09] ==> ignore
    arg [/usr/lib/gcc/x86_64-linux-gnu/11/../../../x86_64-linux-gnu/Scrt1.o] ==> obj [/usr/lib/gcc/x86_64-linux-gnu/11/../../../x86_64-linux-gnu/Scrt1.o]
    arg [/usr/lib/gcc/x86_64-linux-gnu/11/../../../x86_64-linux-gnu/crti.o] ==> obj [/usr/lib/gcc/x86_64-linux-gnu/11/../../../x86_64-linux-gnu/crti.o]
    arg [/usr/lib/gcc/x86_64-linux-gnu/11/crtbeginS.o] ==> obj [/usr/lib/gcc/x86_64-linux-gnu/11/crtbeginS.o]
    arg [-L/opt/spack/opt/spack/linux-ubuntu22.04-zen3/gcc-11.3.0/openmpi-4.1.4-6ynuolx2oxm6rnfhxeobduospoh5z2v4/lib] ==> dir [/opt/spack/opt/spack/linux-ubuntu22.04-zen3/gcc-11.3.0/openmpi-4.1.4-6ynuolx2oxm6rnfhxeobduospoh5z2v4/lib]
    arg [-L/opt/spack/opt/spack/linux-ubuntu22.04-zen3/gcc-11.3.0/hwloc-2.8.0-i2ujucmtpv55cp3m6yqnlrid4n34nswg/lib] ==> dir [/opt/spack/opt/spack/linux-ubuntu22.04-zen3/gcc-11.3.0/hwloc-2.8.0-i2ujucmtpv55cp3m6yqnlrid4n34nswg/lib]
    arg [-L/opt/spack/opt/spack/linux-ubuntu22.04-zen3/gcc-11.3.0/libevent-2.1.12-zjpsjqrf45ltucsg3she3u4qun3wjrhy/lib] ==> dir [/opt/spack/opt/spack/linux-ubuntu22.04-zen3/gcc-11.3.0/libevent-2.1.12-zjpsjqrf45ltucsg3she3u4qun3wjrhy/lib]
    arg [-L/opt/spack/opt/spack/linux-ubuntu22.04-zen3/gcc-11.3.0/pmix-4.1.2-dxzgrpazw5d7kxlqhvsiqrtorq25nzjy/lib] ==> dir [/opt/spack/opt/spack/linux-ubuntu22.04-zen3/gcc-11.3.0/pmix-4.1.2-dxzgrpazw5d7kxlqhvsiqrtorq25nzjy/lib]
    arg [-L/usr/lib/gcc/x86_64-linux-gnu/11] ==> dir [/usr/lib/gcc/x86_64-linux-gnu/11]
    arg [-L/usr/lib/gcc/x86_64-linux-gnu/11/../../../x86_64-linux-gnu] ==> dir [/usr/lib/gcc/x86_64-linux-gnu/11/../../../x86_64-linux-gnu]
    arg [-L/usr/lib/gcc/x86_64-linux-gnu/11/../../../../lib] ==> dir [/usr/lib/gcc/x86_64-linux-gnu/11/../../../../lib]
    arg [-L/lib/x86_64-linux-gnu] ==> dir [/lib/x86_64-linux-gnu]
    arg [-L/lib/../lib] ==> dir [/lib/../lib]
    arg [-L/usr/lib/x86_64-linux-gnu] ==> dir [/usr/lib/x86_64-linux-gnu]
    arg [-L/usr/lib/../lib] ==> dir [/usr/lib/../lib]
    arg [-L/usr/lib/gcc/x86_64-linux-gnu/11/../../..] ==> dir [/usr/lib/gcc/x86_64-linux-gnu/11/../../..]
    arg [CMakeFiles/cmTC_c9b09.dir/CMakeCXXCompilerABI.cpp.o] ==> ignore
    arg [-rpath] ==> ignore
    arg [/opt/spack/opt/spack/linux-ubuntu22.04-zen3/gcc-11.3.0/openmpi-4.1.4-6ynuolx2oxm6rnfhxeobduospoh5z2v4/lib] ==> ignore
    arg [-rpath] ==> ignore
    arg [/opt/spack/opt/spack/linux-ubuntu22.04-zen3/gcc-11.3.0/hwloc-2.8.0-i2ujucmtpv55cp3m6yqnlrid4n34nswg/lib] ==> ignore
    arg [-rpath] ==> ignore
    arg [/opt/spack/opt/spack/linux-ubuntu22.04-zen3/gcc-11.3.0/libevent-2.1.12-zjpsjqrf45ltucsg3she3u4qun3wjrhy/lib] ==> ignore
    arg [-rpath] ==> ignore
    arg [/opt/spack/opt/spack/linux-ubuntu22.04-zen3/gcc-11.3.0/pmix-4.1.2-dxzgrpazw5d7kxlqhvsiqrtorq25nzjy/lib] ==> ignore
    arg [-lmpi] ==> lib [mpi]
    arg [-lstdc++] ==> lib [stdc++]
    arg [-lm] ==> lib [m]
    arg [-lgcc_s] ==> lib [gcc_s]
    arg [-lgcc] ==> lib [gcc]
    arg [-lc] ==> lib [c]
    arg [-lgcc_s] ==> lib [gcc_s]
    arg [-lgcc] ==> lib [gcc]
    arg [/usr/lib/gcc/x86_64-linux-gnu/11/crtendS.o] ==> obj [/usr/lib/gcc/x86_64-linux-gnu/11/crtendS.o]
    arg [/usr/lib/gcc/x86_64-linux-gnu/11/../../../x86_64-linux-gnu/crtn.o] ==> obj [/usr/lib/gcc/x86_64-linux-gnu/11/../../../x86_64-linux-gnu/crtn.o]
  collapse obj [/usr/lib/gcc/x86_64-linux-gnu/11/../../../x86_64-linux-gnu/Scrt1.o] ==> [/usr/lib/x86_64-linux-gnu/Scrt1.o]
  collapse obj [/usr/lib/gcc/x86_64-linux-gnu/11/../../../x86_64-linux-gnu/crti.o] ==> [/usr/lib/x86_64-linux-gnu/crti.o]
  collapse obj [/usr/lib/gcc/x86_64-linux-gnu/11/../../../x86_64-linux-gnu/crtn.o] ==> [/usr/lib/x86_64-linux-gnu/crtn.o]
  collapse library dir [/opt/spack/opt/spack/linux-ubuntu22.04-zen3/gcc-11.3.0/openmpi-4.1.4-6ynuolx2oxm6rnfhxeobduospoh5z2v4/lib] ==> [/opt/spack/opt/spack/linux-ubuntu22.04-zen3/gcc-11.3.0/openmpi-4.1.4-6ynuolx2oxm6rnfhxeobduospoh5z2v4/lib]
  collapse library dir [/opt/spack/opt/spack/linux-ubuntu22.04-zen3/gcc-11.3.0/hwloc-2.8.0-i2ujucmtpv55cp3m6yqnlrid4n34nswg/lib] ==> [/opt/spack/opt/spack/linux-ubuntu22.04-zen3/gcc-11.3.0/hwloc-2.8.0-i2ujucmtpv55cp3m6yqnlrid4n34nswg/lib]
  collapse library dir [/opt/spack/opt/spack/linux-ubuntu22.04-zen3/gcc-11.3.0/libevent-2.1.12-zjpsjqrf45ltucsg3she3u4qun3wjrhy/lib] ==> [/opt/spack/opt/spack/linux-ubuntu22.04-zen3/gcc-11.3.0/libevent-2.1.12-zjpsjqrf45ltucsg3she3u4qun3wjrhy/lib]
  collapse library dir [/opt/spack/opt/spack/linux-ubuntu22.04-zen3/gcc-11.3.0/pmix-4.1.2-dxzgrpazw5d7kxlqhvsiqrtorq25nzjy/lib] ==> [/opt/spack/opt/spack/linux-ubuntu22.04-zen3/gcc-11.3.0/pmix-4.1.2-dxzgrpazw5d7kxlqhvsiqrtorq25nzjy/lib]
  collapse library dir [/usr/lib/gcc/x86_64-linux-gnu/11] ==> [/usr/lib/gcc/x86_64-linux-gnu/11]
  collapse library dir [/usr/lib/gcc/x86_64-linux-gnu/11/../../../x86_64-linux-gnu] ==> [/usr/lib/x86_64-linux-gnu]
  collapse library dir [/usr/lib/gcc/x86_64-linux-gnu/11/../../../../lib] ==> [/usr/lib]
  collapse library dir [/lib/x86_64-linux-gnu] ==> [/lib/x86_64-linux-gnu]
  collapse library dir [/lib/../lib] ==> [/lib]
  collapse library dir [/usr/lib/x86_64-linux-gnu] ==> [/usr/lib/x86_64-linux-gnu]
  collapse library dir [/usr/lib/../lib] ==> [/usr/lib]
  collapse library dir [/usr/lib/gcc/x86_64-linux-gnu/11/../../..] ==> [/usr/lib]
  implicit libs: [mpi;stdc++;m;gcc_s;gcc;c;gcc_s;gcc]
  implicit objs: [/usr/lib/x86_64-linux-gnu/Scrt1.o;/usr/lib/x86_64-linux-gnu/crti.o;/usr/lib/gcc/x86_64-linux-gnu/11/crtbeginS.o;/usr/lib/gcc/x86_64-linux-gnu/11/crtendS.o;/usr/lib/x86_64-linux-gnu/crtn.o]
  implicit dirs: [/opt/spack/opt/spack/linux-ubuntu22.04-zen3/gcc-11.3.0/openmpi-4.1.4-6ynuolx2oxm6rnfhxeobduospoh5z2v4/lib;/opt/spack/opt/spack/linux-ubuntu22.04-zen3/gcc-11.3.0/hwloc-2.8.0-i2ujucmtpv55cp3m6yqnlrid4n34nswg/lib;/opt/spack/opt/spack/linux-ubuntu22.04-zen3/gcc-11.3.0/libevent-2.1.12-zjpsjqrf45ltucsg3she3u4qun3wjrhy/lib;/opt/spack/opt/spack/linux-ubuntu22.04-zen3/gcc-11.3.0/pmix-4.1.2-dxzgrpazw5d7kxlqhvsiqrtorq25nzjy/lib;/usr/lib/gcc/x86_64-linux-gnu/11;/usr/lib/x86_64-linux-gnu;/usr/lib;/lib/x86_64-linux-gnu;/lib]
  implicit fwks: []


